<?xml version="1.0" encoding="UTF-8"?>
<!-- Generated by org.testng.reporters.JUnitReportReporter -->
<testsuite skipped="0" hostname="5CG84431LH" name="testpackagaarunaagum.NeeOodu" tests="1" failures="0" timestamp="2021-12-08T08:00:42 IST" time="0.009" errors="0">
  <testcase name="tryingTestNG" time="0.009" classname="testpackagaarunaagum.NeeOodu"/>
  <system-out/>
</testsuite> <!-- testpackagaarunaagum.NeeOodu -->
